<?xml version="1.0" encoding="UTF-8"?>
<testng-results skipped="0" failed="0" ignored="0" total="5" passed="5">
  <reporter-output>
  </reporter-output>
  <suite name="EcomWebapp Test" duration-ms="53174" started-at="2021-10-30T15:23:18 UTC" finished-at="2021-10-30T15:24:11 UTC">
    <groups>
    </groups>
    <test name="Amazon Test" duration-ms="25566" started-at="2021-10-30T15:23:18 UTC" finished-at="2021-10-30T15:23:44 UTC">
      <class name="com.webapp.amazon.AmazonNavLinksTest">
        <test-method status="PASS" signature="beforeMethod()[pri:0, instance:com.webapp.amazon.AmazonNavLinksTest@74ad1f1f]" name="beforeMethod" is-config="true" duration-ms="3140" started-at="2021-10-30T15:23:26 UTC" finished-at="2021-10-30T15:23:29 UTC">
          <reporter-output>
          </reporter-output>
        </test-method> <!-- beforeMethod -->
        <test-method status="PASS" signature="testFashionNavLink()[pri:0, instance:com.webapp.amazon.AmazonNavLinksTest@74ad1f1f]" name="testFashionNavLink" duration-ms="5347" started-at="2021-10-30T15:23:29 UTC" finished-at="2021-10-30T15:23:35 UTC">
          <reporter-output>
          </reporter-output>
        </test-method> <!-- testFashionNavLink -->
        <test-method status="PASS" signature="afterMethod()[pri:0, instance:com.webapp.amazon.AmazonNavLinksTest@74ad1f1f]" name="afterMethod" is-config="true" duration-ms="130" started-at="2021-10-30T15:23:35 UTC" finished-at="2021-10-30T15:23:35 UTC">
          <reporter-output>
          </reporter-output>
        </test-method> <!-- afterMethod -->
        <test-method status="PASS" signature="beforeMethod()[pri:0, instance:com.webapp.amazon.AmazonNavLinksTest@74ad1f1f]" name="beforeMethod" is-config="true" duration-ms="2770" started-at="2021-10-30T15:23:35 UTC" finished-at="2021-10-30T15:23:37 UTC">
          <reporter-output>
          </reporter-output>
        </test-method> <!-- beforeMethod -->
        <test-method status="PASS" signature="testMobileNavLink()[pri:0, instance:com.webapp.amazon.AmazonNavLinksTest@74ad1f1f]" name="testMobileNavLink" duration-ms="6002" started-at="2021-10-30T15:23:37 UTC" finished-at="2021-10-30T15:23:43 UTC">
          <reporter-output>
          </reporter-output>
        </test-method> <!-- testMobileNavLink -->
        <test-method status="PASS" signature="afterMethod()[pri:0, instance:com.webapp.amazon.AmazonNavLinksTest@74ad1f1f]" name="afterMethod" is-config="true" duration-ms="134" started-at="2021-10-30T15:23:43 UTC" finished-at="2021-10-30T15:23:44 UTC">
          <reporter-output>
          </reporter-output>
        </test-method> <!-- afterMethod -->
      </class> <!-- com.webapp.amazon.AmazonNavLinksTest -->
      <class name="com.webapp.amazon.AmazonHomepageTest">
        <test-method status="PASS" signature="beforeMethod()[pri:0, instance:com.webapp.amazon.AmazonHomepageTest@7a9273a8]" name="beforeMethod" is-config="true" duration-ms="4071" started-at="2021-10-30T15:23:18 UTC" finished-at="2021-10-30T15:23:22 UTC">
          <reporter-output>
          </reporter-output>
        </test-method> <!-- beforeMethod -->
        <test-method status="PASS" signature="testHompageSourceUrl()[pri:0, instance:com.webapp.amazon.AmazonHomepageTest@7a9273a8]" name="testHompageSourceUrl" duration-ms="300" started-at="2021-10-30T15:23:22 UTC" finished-at="2021-10-30T15:23:22 UTC">
          <reporter-output>
          </reporter-output>
        </test-method> <!-- testHompageSourceUrl -->
        <test-method status="PASS" signature="afterMethod()[pri:0, instance:com.webapp.amazon.AmazonHomepageTest@7a9273a8]" name="afterMethod" is-config="true" duration-ms="394" started-at="2021-10-30T15:23:22 UTC" finished-at="2021-10-30T15:23:23 UTC">
          <reporter-output>
          </reporter-output>
        </test-method> <!-- afterMethod -->
        <test-method status="PASS" signature="beforeMethod()[pri:0, instance:com.webapp.amazon.AmazonHomepageTest@7a9273a8]" name="beforeMethod" is-config="true" duration-ms="2784" started-at="2021-10-30T15:23:23 UTC" finished-at="2021-10-30T15:23:26 UTC">
          <reporter-output>
          </reporter-output>
        </test-method> <!-- beforeMethod -->
        <test-method status="PASS" signature="testHompageTitle()[pri:0, instance:com.webapp.amazon.AmazonHomepageTest@7a9273a8]" name="testHompageTitle" duration-ms="248" started-at="2021-10-30T15:23:26 UTC" finished-at="2021-10-30T15:23:26 UTC">
          <reporter-output>
          </reporter-output>
        </test-method> <!-- testHompageTitle -->
        <test-method status="PASS" signature="afterMethod()[pri:0, instance:com.webapp.amazon.AmazonHomepageTest@7a9273a8]" name="afterMethod" is-config="true" duration-ms="182" started-at="2021-10-30T15:23:26 UTC" finished-at="2021-10-30T15:23:26 UTC">
          <reporter-output>
          </reporter-output>
        </test-method> <!-- afterMethod -->
      </class> <!-- com.webapp.amazon.AmazonHomepageTest -->
    </test> <!-- Amazon Test -->
    <test name="Facebook Test" duration-ms="27580" started-at="2021-10-30T15:23:44 UTC" finished-at="2021-10-30T15:24:11 UTC">
      <class name="com.webapp.facebook.FacebookLoginTest">
        <test-method status="PASS" signature="beforeMethod()[pri:0, instance:com.webapp.facebook.FacebookLoginTest@a74868d]" name="beforeMethod" is-config="true" duration-ms="1782" started-at="2021-10-30T15:23:44 UTC" finished-at="2021-10-30T15:23:45 UTC">
          <reporter-output>
          </reporter-output>
        </test-method> <!-- beforeMethod -->
        <test-method status="PASS" signature="testForFaiure()[pri:0, instance:com.webapp.facebook.FacebookLoginTest@a74868d]" name="testForFaiure" duration-ms="25669" started-at="2021-10-30T15:23:45 UTC" finished-at="2021-10-30T15:24:11 UTC">
          <reporter-output>
          </reporter-output>
        </test-method> <!-- testForFaiure -->
        <test-method status="PASS" signature="afterMethod()[pri:0, instance:com.webapp.facebook.FacebookLoginTest@a74868d]" name="afterMethod" is-config="true" duration-ms="116" started-at="2021-10-30T15:24:11 UTC" finished-at="2021-10-30T15:24:11 UTC">
          <reporter-output>
          </reporter-output>
        </test-method> <!-- afterMethod -->
      </class> <!-- com.webapp.facebook.FacebookLoginTest -->
    </test> <!-- Facebook Test -->
  </suite> <!-- EcomWebapp Test -->
</testng-results>
