<?xml version="1.0" encoding="UTF-8"?>
<!-- Generated by org.testng.reporters.JUnitXMLReporter -->
<testsuite hostname="ip-172-31-32-197" ignored="0" name="Amazon Test" tests="4" failures="0" timestamp="2021-10-30T15:23:44 UTC" time="25.566" errors="0">
  <testcase name="testHompageSourceUrl" time="0.3" classname="com.webapp.amazon.AmazonHomepageTest"/>
  <testcase name="testHompageTitle" time="0.248" classname="com.webapp.amazon.AmazonHomepageTest"/>
  <testcase name="testFashionNavLink" time="5.347" classname="com.webapp.amazon.AmazonNavLinksTest"/>
  <testcase name="testMobileNavLink" time="6.002" classname="com.webapp.amazon.AmazonNavLinksTest"/>
</testsuite> <!-- Amazon Test -->
