<?xml version="1.0" encoding="UTF-8"?>
<!-- Generated by org.testng.reporters.JUnitXMLReporter -->
<testsuite hostname="ip-172-31-32-197" ignored="0" name="Assert Test" tests="2" failures="1" timestamp="2021-10-30T17:03:13 UTC" time="0.013" errors="0">
  <testcase name="hardAssertTest" time="0.001" classname="com.webapp.asserttest.AssertionTest">
    <failure type="java.lang.AssertionError" message="expected [false] but found [true]">
      <![CDATA[java.lang.AssertionError: expected [false] but found [true]
at com.webapp.asserttest.AssertionTest.hardAssertTest(AssertionTest.java:17)
at java.util.ArrayList.forEach(ArrayList.java:1259)
... Removed 31 stack frames]]>
    </failure>
  </testcase> <!-- hardAssertTest -->
  <testcase name="softAssertTest" time="0.004" classname="com.webapp.asserttest.AssertionTest"/>
</testsuite> <!-- Assert Test -->
