<?xml version="1.0" encoding="UTF-8"?>
<!-- Generated by org.testng.reporters.JUnitXMLReporter -->
<testsuite hostname="ip-172-31-32-197" ignored="0" name="Group Test" tests="8" failures="0" timestamp="2021-10-30T17:03:13 UTC" time="27.684" errors="0">
  <testcase name="lauchChromeTest" time="2.607" classname="com.webapp.group.BrowserGroupTest"/>
  <testcase name="lauchFirefoxTest" time="4.677" classname="com.webapp.group.BrowserGroupTest"/>
  <testcase name="testFacebookHomepage" time="0.017" classname="com.webapp.group.BrowserGroupTest"/>
  <testcase name="testHompageTitle" time="0.021" classname="com.webapp.group.BrowserGroupTest"/>
  <testcase name="testForFaiure" time="19.337" classname="com.webapp.group.BrowserGroupTest"/>
  <testcase name="testHompageSourceUrl" time="0.019" classname="com.webapp.group.BrowserGroupTest"/>
  <testcase name="closedChrome" time="0.13" classname="com.webapp.group.BrowserGroupTest"/>
  <testcase name="closedFirefox" time="0.854" classname="com.webapp.group.BrowserGroupTest"/>
</testsuite> <!-- Group Test -->
